#
# A fatal error has been detected by the Java Runtime Environment:
#
#  EXCEPTION_ACCESS_VIOLATION (0xc0000005) at pc=0x5fbac6ae, pid=4280, tid=5488
#
# JRE version: Java(TM) SE Runtime Environment (8.0-b132) (build 1.8.0-b132)
# Java VM: Java HotSpot(TM) Client VM (25.0-b70 mixed mode windows-x86 )
# Problematic frame:
# V  [jvm.dll+0xcc6ae]
#
# Failed to write core dump. Minidumps are not enabled by default on client versions of Windows
#
# If you would like to submit a bug report, please visit:
#   http://bugreport.sun.com/bugreport/crash.jsp
#

---------------  T H R E A D  ---------------

Current thread (0x141f8000):  JavaThread "AWT-EventQueue-0" [_thread_in_vm, id=5488, stack(0x03a90000,0x03ae0000)]

siginfo: ExceptionCode=0xc0000005, reading address 0x00000000

Registers:
EAX=0x00000000, EBX=0x00000000, ECX=0x00000000, EDX=0x00000000
ESP=0x03ade13c, EBP=0x03ade158, ESI=0x141f8000, EDI=0x141f8130
EIP=0x5fbac6ae, EFLAGS=0x00010246

Top of Stack: (sp=0x03ade13c)
0x03ade13c:   141f8130 15ec6b10 165be080 141f8000
0x03ade14c:   00000000 03cb0240 165be080 03ade188
0x03ade15c:   61381f65 141f8000 00000000 00000000
0x03ade16c:   50200030 03cb0240 03ade188 03ade1ac
0x03ade17c:   165be080 165be078 141f8000 03ade1cc
0x03ade18c:   01a1b327 141f8130 03ade1e0 00000000
0x03ade19c:   00000000 03ade1a4 00000000 0934ac48
0x03ade1ac:   03ade1a4 00000000 03ade1e0 165c2b50 

Instructions: (pc=0x5fbac6ae)
0x5fbac68e:   e8 fd 50 f3 ff 33 db 83 c4 08 89 75 f0 89 5d f4
0x5fbac69e:   39 5e 04 74 08 8d 4d f0 e8 a5 35 0c 00 8b 45 0c
0x5fbac6ae:   8b 38 8b 0d b4 83 e2 5f 39 1c 39 74 4f 57 e8 af
0x5fbac6be:   ff f6 ff 83 c4 04 8d 70 01 38 1d 50 6e e3 5f 74 


Register to memory mapping:

EAX=0x00000000 is an unknown value
EBX=0x00000000 is an unknown value
ECX=0x00000000 is an unknown value
EDX=0x00000000 is an unknown value
ESP=0x03ade13c is pointing into the stack for thread: 0x141f8000
EBP=0x03ade158 is pointing into the stack for thread: 0x141f8000
ESI=0x141f8000 is a thread
EDI=0x141f8130 is an unknown value


Stack: [0x03a90000,0x03ae0000],  sp=0x03ade13c,  free space=312k
Native frames: (J=compiled Java code, j=interpreted, Vv=VM code, C=native code)
V  [jvm.dll+0xcc6ae]
C  [sqlite-3.7.2-sqlitejdbc.dll+0x1f65]
j  org.sqlite.NativeDB.prepare(Ljava/lang/String;)J+0
j  org.sqlite.DB.prepare(Lorg/sqlite/Stmt;)V+21
j  org.sqlite.PrepStmt.<init>(Lorg/sqlite/Conn;Ljava/lang/String;)V+15
j  org.sqlite.Conn.prepareStatement(Ljava/lang/String;III)Ljava/sql/PreparedStatement;+14
j  org.sqlite.Conn.prepareStatement(Ljava/lang/String;II)Ljava/sql/PreparedStatement;+5
j  org.sqlite.Conn.prepareStatement(Ljava/lang/String;)Ljava/sql/PreparedStatement;+8
j  Skoda.Skoda_page.tableMouseReleased(Ljava/awt/event/MouseEvent;)V+124
j  Skoda.Skoda_page.access$2800(LSkoda/Skoda_page;Ljava/awt/event/MouseEvent;)V+2
j  Skoda.Skoda_page$28.mouseReleased(Ljava/awt/event/MouseEvent;)V+5
j  java.awt.AWTEventMulticaster.mouseReleased(Ljava/awt/event/MouseEvent;)V+21
j  java.awt.Component.processMouseEvent(Ljava/awt/event/MouseEvent;)V+64
j  javax.swing.JComponent.processMouseEvent(Ljava/awt/event/MouseEvent;)V+23
j  java.awt.Component.processEvent(Ljava/awt/AWTEvent;)V+81
j  java.awt.Container.processEvent(Ljava/awt/AWTEvent;)V+18
j  java.awt.Component.dispatchEventImpl(Ljava/awt/AWTEvent;)V+589
j  java.awt.Container.dispatchEventImpl(Ljava/awt/AWTEvent;)V+42
J 398 C1 java.awt.LightweightDispatcher.retargetMouseEvent(Ljava/awt/Component;ILjava/awt/event/MouseEvent;)V (350 bytes) @ 0x01b3848b [0x01b37e70+0x61b]
j  java.awt.LightweightDispatcher.processMouseEvent(Ljava/awt/event/MouseEvent;)Z+143
j  java.awt.LightweightDispatcher.dispatchEvent(Ljava/awt/AWTEvent;)Z+50
j  java.awt.Container.dispatchEventImpl(Ljava/awt/AWTEvent;)V+12
j  java.awt.Window.dispatchEventImpl(Ljava/awt/AWTEvent;)V+19
j  java.awt.Component.dispatchEvent(Ljava/awt/AWTEvent;)V+2
j  java.awt.EventQueue.dispatchEventImpl(Ljava/awt/AWTEvent;Ljava/lang/Object;)V+41
j  java.awt.EventQueue.access$400(Ljava/awt/EventQueue;Ljava/awt/AWTEvent;Ljava/lang/Object;)V+3
j  java.awt.EventQueue$3.run()Ljava/lang/Void;+32
j  java.awt.EventQueue$3.run()Ljava/lang/Object;+1
v  ~StubRoutines::call_stub
V  [jvm.dll+0x142285]
V  [jvm.dll+0x2070be]
V  [jvm.dll+0x14231e]
V  [jvm.dll+0xf99ed]
C  [java.dll+0x102f]
J 460 C1 java.security.ProtectionDomain$1.doIntersectionPrivilege(Ljava/security/PrivilegedAction;Ljava/security/AccessControlContext;Ljava/security/AccessControlContext;)Ljava/lang/Object; (32 bytes) @ 0x01b54152 [0x01b540b0+0xa2]
j  java.security.ProtectionDomain$1.doIntersectionPrivilege(Ljava/security/PrivilegedAction;Ljava/security/AccessControlContext;)Ljava/lang/Object;+6
j  java.awt.EventQueue$4.run()Ljava/lang/Void;+11
j  java.awt.EventQueue$4.run()Ljava/lang/Object;+1
v  ~StubRoutines::call_stub
V  [jvm.dll+0x142285]
V  [jvm.dll+0x2070be]
V  [jvm.dll+0x14231e]
V  [jvm.dll+0xf99ed]
C  [java.dll+0x102f]
J 460 C1 java.security.ProtectionDomain$1.doIntersectionPrivilege(Ljava/security/PrivilegedAction;Ljava/security/AccessControlContext;Ljava/security/AccessControlContext;)Ljava/lang/Object; (32 bytes) @ 0x01b54152 [0x01b540b0+0xa2]
j  java.awt.EventQueue.dispatchEvent(Ljava/awt/AWTEvent;)V+73
J 428 C1 java.awt.EventDispatchThread.pumpOneEventForFilters(I)V (295 bytes) @ 0x01b4a5b1 [0x01b49f40+0x671]
j  java.awt.EventDispatchThread.pumpEventsForFilter(ILjava/awt/Conditional;Ljava/awt/EventFilter;)V+35
j  java.awt.EventDispatchThread.pumpEventsForHierarchy(ILjava/awt/Conditional;Ljava/awt/Component;)V+11
j  java.awt.EventDispatchThread.pumpEvents(ILjava/awt/Conditional;)V+4
j  java.awt.EventDispatchThread.pumpEvents(Ljava/awt/Conditional;)V+3
j  java.awt.EventDispatchThread.run()V+9
v  ~StubRoutines::call_stub
V  [jvm.dll+0x142285]
V  [jvm.dll+0x2070be]
V  [jvm.dll+0x14231e]
V  [jvm.dll+0x1424a6]
V  [jvm.dll+0x142517]
V  [jvm.dll+0xede0f]
V  [jvm.dll+0x1645fc]
V  [jvm.dll+0x164e8a]
V  [jvm.dll+0x1a9186]
C  [msvcr100.dll+0x5c556]
C  [msvcr100.dll+0x5c600]
C  [kernel32.dll+0x51174]
C  [ntdll.dll+0x5b3f5]
C  [ntdll.dll+0x5b3c8]

Java frames: (J=compiled Java code, j=interpreted, Vv=VM code)
j  org.sqlite.NativeDB.prepare(Ljava/lang/String;)J+0
j  org.sqlite.DB.prepare(Lorg/sqlite/Stmt;)V+21
j  org.sqlite.PrepStmt.<init>(Lorg/sqlite/Conn;Ljava/lang/String;)V+15
j  org.sqlite.Conn.prepareStatement(Ljava/lang/String;III)Ljava/sql/PreparedStatement;+14
j  org.sqlite.Conn.prepareStatement(Ljava/lang/String;II)Ljava/sql/PreparedStatement;+5
j  org.sqlite.Conn.prepareStatement(Ljava/lang/String;)Ljava/sql/PreparedStatement;+8
j  Skoda.Skoda_page.tableMouseReleased(Ljava/awt/event/MouseEvent;)V+124
j  Skoda.Skoda_page.access$2800(LSkoda/Skoda_page;Ljava/awt/event/MouseEvent;)V+2
j  Skoda.Skoda_page$28.mouseReleased(Ljava/awt/event/MouseEvent;)V+5
j  java.awt.AWTEventMulticaster.mouseReleased(Ljava/awt/event/MouseEvent;)V+21
j  java.awt.Component.processMouseEvent(Ljava/awt/event/MouseEvent;)V+64
j  javax.swing.JComponent.processMouseEvent(Ljava/awt/event/MouseEvent;)V+23
j  java.awt.Component.processEvent(Ljava/awt/AWTEvent;)V+81
j  java.awt.Container.processEvent(Ljava/awt/AWTEvent;)V+18
j  java.awt.Component.dispatchEventImpl(Ljava/awt/AWTEvent;)V+589
j  java.awt.Container.dispatchEventImpl(Ljava/awt/AWTEvent;)V+42
J 398 C1 java.awt.LightweightDispatcher.retargetMouseEvent(Ljava/awt/Component;ILjava/awt/event/MouseEvent;)V (350 bytes) @ 0x01b3848b [0x01b37e70+0x61b]
j  java.awt.LightweightDispatcher.processMouseEvent(Ljava/awt/event/MouseEvent;)Z+143
j  java.awt.LightweightDispatcher.dispatchEvent(Ljava/awt/AWTEvent;)Z+50
j  java.awt.Container.dispatchEventImpl(Ljava/awt/AWTEvent;)V+12
j  java.awt.Window.dispatchEventImpl(Ljava/awt/AWTEvent;)V+19
j  java.awt.Component.dispatchEvent(Ljava/awt/AWTEvent;)V+2
j  java.awt.EventQueue.dispatchEventImpl(Ljava/awt/AWTEvent;Ljava/lang/Object;)V+41
j  java.awt.EventQueue.access$400(Ljava/awt/EventQueue;Ljava/awt/AWTEvent;Ljava/lang/Object;)V+3
j  java.awt.EventQueue$3.run()Ljava/lang/Void;+32
j  java.awt.EventQueue$3.run()Ljava/lang/Object;+1
v  ~StubRoutines::call_stub
J 455  java.security.AccessController.doPrivileged(Ljava/security/PrivilegedAction;Ljava/security/AccessControlContext;)Ljava/lang/Object; (0 bytes) @ 0x01b53677 [0x01b53610+0x67]
J 460 C1 java.security.ProtectionDomain$1.doIntersectionPrivilege(Ljava/security/PrivilegedAction;Ljava/security/AccessControlContext;Ljava/security/AccessControlContext;)Ljava/lang/Object; (32 bytes) @ 0x01b54152 [0x01b540b0+0xa2]
j  java.security.ProtectionDomain$1.doIntersectionPrivilege(Ljava/security/PrivilegedAction;Ljava/security/AccessControlContext;)Ljava/lang/Object;+6
j  java.awt.EventQueue$4.run()Ljava/lang/Void;+11
j  java.awt.EventQueue$4.run()Ljava/lang/Object;+1
v  ~StubRoutines::call_stub
J 455  java.security.AccessController.doPrivileged(Ljava/security/PrivilegedAction;Ljava/security/AccessControlContext;)Ljava/lang/Object; (0 bytes) @ 0x01b53677 [0x01b53610+0x67]
J 460 C1 java.security.ProtectionDomain$1.doIntersectionPrivilege(Ljava/security/PrivilegedAction;Ljava/security/AccessControlContext;Ljava/security/AccessControlContext;)Ljava/lang/Object; (32 bytes) @ 0x01b54152 [0x01b540b0+0xa2]
j  java.awt.EventQueue.dispatchEvent(Ljava/awt/AWTEvent;)V+73
J 428 C1 java.awt.EventDispatchThread.pumpOneEventForFilters(I)V (295 bytes) @ 0x01b4a5b1 [0x01b49f40+0x671]
j  java.awt.EventDispatchThread.pumpEventsForFilter(ILjava/awt/Conditional;Ljava/awt/EventFilter;)V+35
j  java.awt.EventDispatchThread.pumpEventsForHierarchy(ILjava/awt/Conditional;Ljava/awt/Component;)V+11
j  java.awt.EventDispatchThread.pumpEvents(ILjava/awt/Conditional;)V+4
j  java.awt.EventDispatchThread.pumpEvents(Ljava/awt/Conditional;)V+3
j  java.awt.EventDispatchThread.run()V+9
v  ~StubRoutines::call_stub

---------------  P R O C E S S  ---------------

Java Threads: ( => current thread )
  0x1617cc00 JavaThread "D3D Screen Updater" daemon [_thread_blocked, id=3480, stack(0x16f90000,0x16fe0000)]
  0x1614b800 JavaThread "TimerQueue" daemon [_thread_blocked, id=4788, stack(0x16610000,0x16660000)]
  0x00824400 JavaThread "DestroyJavaVM" [_thread_blocked, id=3872, stack(0x00920000,0x00970000)]
=>0x141f8000 JavaThread "AWT-EventQueue-0" [_thread_in_vm, id=5488, stack(0x03a90000,0x03ae0000)]
  0x141e7c00 JavaThread "AWT-Windows" daemon [_thread_in_native, id=1748, stack(0x14420000,0x14470000)]
  0x141e7000 JavaThread "AWT-Shutdown" [_thread_blocked, id=4188, stack(0x146d0000,0x14720000)]
  0x14141400 JavaThread "Java2D Disposer" daemon [_thread_blocked, id=660, stack(0x145a0000,0x145f0000)]
  0x140be400 JavaThread "Service Thread" daemon [_thread_blocked, id=5576, stack(0x14290000,0x142e0000)]
  0x140a6000 JavaThread "C1 CompilerThread0" daemon [_thread_blocked, id=3504, stack(0x14380000,0x143d0000)]
  0x140a5000 JavaThread "Attach Listener" daemon [_thread_blocked, id=6136, stack(0x14480000,0x144d0000)]
  0x140a2000 JavaThread "Signal Dispatcher" daemon [_thread_blocked, id=656, stack(0x03a40000,0x03a90000)]
  0x14064c00 JavaThread "Finalizer" daemon [_thread_blocked, id=5876, stack(0x14330000,0x14380000)]
  0x14062800 JavaThread "Reference Handler" daemon [_thread_blocked, id=4368, stack(0x03b60000,0x03bb0000)]

Other Threads:
  0x0091f400 VMThread [stack: 0x03af0000,0x03b40000] [id=3740]
  0x140bf800 WatcherThread [stack: 0x03bb0000,0x03c00000] [id=3840]

VM state:not at safepoint (normal execution)

VM Mutex/Monitor currently owned by a thread: None

Heap:
 def new generation   total 4928K, used 1247K [0x03c00000, 0x04150000, 0x09150000)
  eden space 4416K,  16% used [0x03c00000, 0x03cb7e58, 0x04050000)
  from space 512K, 100% used [0x04050000, 0x040d0000, 0x040d0000)
  to   space 512K,   0% used [0x040d0000, 0x040d0000, 0x04150000)
 tenured generation   total 10944K, used 2436K [0x09150000, 0x09c00000, 0x13c00000)
   the space 10944K,  22% used [0x09150000, 0x093b1128, 0x093b1200, 0x09c00000)
 Metaspace       used 8457K, capacity 8502K, committed 8576K, reserved 8576K

Card table byte_map: [0x00cf0000,0x00d80000] byte_map_base: 0x00cd2000

Polling page: 0x001a0000

CodeCache: size=32768Kb used=1315Kb max_used=1315Kb free=31452Kb
 bounds [0x01a10000, 0x01b60000, 0x03a10000]
 total_blobs=720 nmethods=475 adapters=176
 compilation: enabled

Compilation events (10 events):
Event: 9.988 Thread 0x140a6000  472             java.lang.ref.Reference::<init> (7 bytes)
Event: 9.989 Thread 0x140a6000 nmethod 472 0x01b56e08 code [0x01b56f00, 0x01b56fa0]
Event: 10.103 Thread 0x140a6000  474   !         javax.swing.JComponent::revalidate (76 bytes)
Event: 10.104 Thread 0x140a6000 nmethod 474 0x01b572c8 code [0x01b574a0, 0x01b57938]
Event: 10.106 Thread 0x140a6000  475             java.util.StringTokenizer::nextToken (92 bytes)
Event: 10.106 Thread 0x140a6000 nmethod 475 0x01b57f48 code [0x01b58070, 0x01b581c8]
Event: 10.118 Thread 0x140a6000  476             java.awt.Component::hasFocus (16 bytes)
Event: 10.119 Thread 0x140a6000 nmethod 476 0x01b58308 code [0x01b58420, 0x01b584f0]
Event: 10.119 Thread 0x140a6000  477   !         java.awt.Container::decreaseComponentCount (124 bytes)
Event: 10.121 Thread 0x140a6000 nmethod 477 0x01b585c8 code [0x01b58710, 0x01b58af4]

GC Heap History (4 events):
Event: 1.051 GC heap before
{Heap before GC invocations=0 (full 0):
 def new generation   total 4928K, used 4416K [0x03c00000, 0x04150000, 0x09150000)
  eden space 4416K, 100% used [0x03c00000, 0x04050000, 0x04050000)
  from space 512K,   0% used [0x04050000, 0x04050000, 0x040d0000)
  to   space 512K,   0% used [0x040d0000, 0x040d0000, 0x04150000)
 tenured generation   total 10944K, used 0K [0x09150000, 0x09c00000, 0x13c00000)
   the space 10944K,   0% used [0x09150000, 0x09150000, 0x09150200, 0x09c00000)
 Metaspace       used 6678K, capacity 6739K, committed 6784K, reserved 7552K
Event: 1.067 GC heap after
Heap after GC invocations=1 (full 0):
 def new generation   total 4928K, used 512K [0x03c00000, 0x04150000, 0x09150000)
  eden space 4416K,   0% used [0x03c00000, 0x03c00000, 0x04050000)
  from space 512K, 100% used [0x040d0000, 0x04150000, 0x04150000)
  to   space 512K,   0% used [0x04050000, 0x04050000, 0x040d0000)
 tenured generation   total 10944K, used 1495K [0x09150000, 0x09c00000, 0x13c00000)
   the space 10944K,  13% used [0x09150000, 0x092c5c28, 0x092c5e00, 0x09c00000)
 Metaspace       used 6678K, capacity 6739K, committed 6784K, reserved 7552K
}
Event: 8.009 GC heap before
{Heap before GC invocations=1 (full 0):
 def new generation   total 4928K, used 4928K [0x03c00000, 0x04150000, 0x09150000)
  eden space 4416K, 100% used [0x03c00000, 0x04050000, 0x04050000)
  from space 512K, 100% used [0x040d0000, 0x04150000, 0x04150000)
  to   space 512K,   0% used [0x04050000, 0x04050000, 0x040d0000)
 tenured generation   total 10944K, used 1495K [0x09150000, 0x09c00000, 0x13c00000)
   the space 10944K,  13% used [0x09150000, 0x092c5c28, 0x092c5e00, 0x09c00000)
 Metaspace       used 8376K, capacity 8438K, committed 8576K, reserved 8576K
Event: 8.022 GC heap after
Heap after GC invocations=2 (full 0):
 def new generation   total 4928K, used 512K [0x03c00000, 0x04150000, 0x09150000)
  eden space 4416K,   0% used [0x03c00000, 0x03c00000, 0x04050000)
  from space 512K, 100% used [0x04050000, 0x040d0000, 0x040d0000)
  to   space 512K,   0% used [0x040d0000, 0x040d0000, 0x04150000)
 tenured generation   total 10944K, used 2436K [0x09150000, 0x09c00000, 0x13c00000)
   the space 10944K,  22% used [0x09150000, 0x093b1128, 0x093b1200, 0x09c00000)
 Metaspace       used 8376K, capacity 8438K, committed 8576K, reserved 8576K
}

Deoptimization events (0 events):
No events

Internal exceptions (10 events):
Event: 1.217 Thread 0x141f8000 Exception <a 'java/security/PrivilegedActionException'> (0x03d2aea0) thrown at [D:\re\workspace\8-2-build-windows-i586-cygwin\jdk8\2238\hotspot\src\share\vm\prims\jvm.cpp, line 1248]
Event: 1.218 Thread 0x141f8000 Exception <a 'java/security/PrivilegedActionException'> (0x03d30610) thrown at [D:\re\workspace\8-2-build-windows-i586-cygwin\jdk8\2238\hotspot\src\share\vm\prims\jvm.cpp, line 1248]
Event: 1.222 Thread 0x141f8000 Exception <a 'java/security/PrivilegedActionException'> (0x03d37d90) thrown at [D:\re\workspace\8-2-build-windows-i586-cygwin\jdk8\2238\hotspot\src\share\vm\prims\jvm.cpp, line 1248]
Event: 1.367 Thread 0x141f8000 Exception <a 'java/security/PrivilegedActionException'> (0x03d7d110) thrown at [D:\re\workspace\8-2-build-windows-i586-cygwin\jdk8\2238\hotspot\src\share\vm\prims\jvm.cpp, line 1248]
Event: 1.370 Thread 0x141f8000 Exception <a 'java/security/PrivilegedActionException'> (0x03d805a8) thrown at [D:\re\workspace\8-2-build-windows-i586-cygwin\jdk8\2238\hotspot\src\share\vm\prims\jvm.cpp, line 1248]
Event: 1.372 Thread 0x141f8000 Exception <a 'java/security/PrivilegedActionException'> (0x03d88c68) thrown at [D:\re\workspace\8-2-build-windows-i586-cygwin\jdk8\2238\hotspot\src\share\vm\prims\jvm.cpp, line 1248]
Event: 1.377 Thread 0x141f8000 Exception <a 'java/security/PrivilegedActionException'> (0x03d939d8) thrown at [D:\re\workspace\8-2-build-windows-i586-cygwin\jdk8\2238\hotspot\src\share\vm\prims\jvm.cpp, line 1248]
Event: 1.383 Thread 0x141f8000 Exception <a 'java/security/PrivilegedActionException'> (0x03d9f3a8) thrown at [D:\re\workspace\8-2-build-windows-i586-cygwin\jdk8\2238\hotspot\src\share\vm\prims\jvm.cpp, line 1248]
Event: 1.389 Thread 0x141f8000 Exception <a 'java/security/PrivilegedActionException'> (0x03da9400) thrown at [D:\re\workspace\8-2-build-windows-i586-cygwin\jdk8\2238\hotspot\src\share\vm\prims\jvm.cpp, line 1248]
Event: 8.461 Thread 0x141f8000 Exception <a 'java/security/PrivilegedActionException'> (0x03c4baa0) thrown at [D:\re\workspace\8-2-build-windows-i586-cygwin\jdk8\2238\hotspot\src\share\vm\prims\jvm.cpp, line 1248]

Events (10 events):
Event: 10.103 loading class javax/swing/DefaultCellEditor$1
Event: 10.103 loading class javax/swing/DefaultCellEditor$EditorDelegate
Event: 10.103 loading class javax/swing/DefaultCellEditor$EditorDelegate done
Event: 10.103 loading class javax/swing/DefaultCellEditor$1 done
Event: 10.105 loading class javax/swing/plaf/nimbus/TableEditorPainter
Event: 10.105 loading class javax/swing/plaf/nimbus/TableEditorPainter done
Event: 10.107 loading class javax/swing/event/ListSelectionEvent
Event: 10.107 loading class javax/swing/event/ListSelectionEvent done
Event: 10.117 loading class javax/swing/plaf/nimbus/TreeCellPainter
Event: 10.117 loading class javax/swing/plaf/nimbus/TreeCellPainter done


Dynamic libraries:
0x00de0000 - 0x00e10000 	C:\Program Files\Java\jdk1.8.0\bin\java.exe
0x774e0000 - 0x7761c000 	C:\Windows\SYSTEM32\ntdll.dll
0x75930000 - 0x75a04000 	C:\Windows\system32\kernel32.dll
0x75880000 - 0x758ca000 	C:\Windows\system32\KERNELBASE.dll
0x76890000 - 0x76930000 	C:\Windows\system32\ADVAPI32.dll
0x77430000 - 0x774dc000 	C:\Windows\system32\msvcrt.dll
0x77410000 - 0x77429000 	C:\Windows\SYSTEM32\sechost.dll
0x76ed0000 - 0x76f71000 	C:\Windows\system32\RPCRT4.dll
0x77640000 - 0x77709000 	C:\Windows\system32\USER32.dll
0x76e80000 - 0x76ece000 	C:\Windows\system32\GDI32.dll
0x77630000 - 0x7763a000 	C:\Windows\system32\LPK.dll
0x76f80000 - 0x7701d000 	C:\Windows\system32\USP10.dll
0x74440000 - 0x745de000 	C:\Windows\WinSxS\x86_microsoft.windows.common-controls_6595b64144ccf1df_6.0.7600.16385_none_421189da2b7fabfc\COMCTL32.dll
0x76b10000 - 0x76b67000 	C:\Windows\system32\SHLWAPI.dll
0x76af0000 - 0x76b0f000 	C:\Windows\system32\IMM32.DLL
0x77020000 - 0x770ec000 	C:\Windows\system32\MSCTF.dll
0x5db30000 - 0x5dbef000 	C:\Program Files\Java\jdk1.8.0\jre\bin\msvcr100.dll
0x5fae0000 - 0x5fe76000 	C:\Program Files\Java\jdk1.8.0\jre\bin\client\jvm.dll
0x6d2a0000 - 0x6d2a7000 	C:\Windows\system32\WSOCK32.dll
0x76d40000 - 0x76d75000 	C:\Windows\system32\WS2_32.dll
0x77620000 - 0x77626000 	C:\Windows\system32\NSI.dll
0x70980000 - 0x709b2000 	C:\Windows\system32\WINMM.dll
0x77170000 - 0x77175000 	C:\Windows\system32\PSAPI.DLL
0x6e9b0000 - 0x6e9bc000 	C:\Program Files\Java\jdk1.8.0\jre\bin\verify.dll
0x63d00000 - 0x63d21000 	C:\Program Files\Java\jdk1.8.0\jre\bin\java.dll
0x64340000 - 0x64353000 	C:\Program Files\Java\jdk1.8.0\jre\bin\zip.dll
0x75c40000 - 0x76889000 	C:\Windows\system32\SHELL32.dll
0x76990000 - 0x76aec000 	C:\Windows\system32\ole32.dll
0x75630000 - 0x7563b000 	C:\Windows\system32\profapi.dll
0x5d9e0000 - 0x5db25000 	C:\Program Files\Java\jdk1.8.0\jre\bin\awt.dll
0x77380000 - 0x7740f000 	C:\Windows\system32\OLEAUT32.dll
0x742c0000 - 0x74300000 	C:\Windows\system32\uxtheme.dll
0x73f90000 - 0x73fa3000 	C:\Windows\system32\dwmapi.dll
0x75580000 - 0x7558c000 	C:\Windows\system32\CRYPTBASE.dll
0x5faa0000 - 0x5fad9000 	C:\Program Files\Java\jdk1.8.0\jre\bin\fontmanager.dll
0x66e40000 - 0x67003000 	C:\Windows\system32\d3d9.dll
0x74c20000 - 0x74c29000 	C:\Windows\system32\VERSION.dll
0x67530000 - 0x67536000 	C:\Windows\system32\d3d8thk.dll
0x537a0000 - 0x545a2000 	C:\Windows\system32\nvd3dum.dll
0x73050000 - 0x73075000 	C:\Windows\system32\powrprof.dll
0x75aa0000 - 0x75c3d000 	C:\Windows\system32\SETUPAPI.dll
0x75900000 - 0x75927000 	C:\Windows\system32\CFGMGR32.dll
0x75860000 - 0x75872000 	C:\Windows\system32\DEVOBJ.dll
0x5b500000 - 0x5b637000 	C:\Program Files\NVIDIA Corporation\3D Vision\nvSCPAPI.dll
0x63930000 - 0x63955000 	C:\Program Files\Java\jdk1.8.0\jre\bin\jpeg.dll
0x64520000 - 0x64534000 	C:\Program Files\Java\jdk1.8.0\jre\bin\net.dll
0x75070000 - 0x750ac000 	C:\Windows\system32\mswsock.dll
0x75060000 - 0x75066000 	C:\Windows\System32\wship6.dll
0x72400000 - 0x7240f000 	C:\Program Files\Java\jdk1.8.0\jre\bin\nio.dll
0x60040000 - 0x60070000 	C:\Program Files\Java\jdk1.8.0\jre\bin\t2k.dll
0x61380000 - 0x61409000 	C:\Users\krenarujkaj\AppData\Local\Temp\sqlite-3.7.2-sqlitejdbc.dll
0x75a10000 - 0x75a93000 	C:\Windows\system32\CLBCatQ.DLL
0x73e60000 - 0x73f5b000 	C:\Windows\system32\WindowsCodecs.dll
0x75530000 - 0x7557b000 	C:\Windows\system32\apphelp.dll
0x6eca0000 - 0x6ecd1000 	C:\Windows\system32\EhStorShell.dll
0x74300000 - 0x743f5000 	C:\Windows\system32\PROPSYS.dll
0x661c0000 - 0x663dd000 	C:\PROGRA~1\MIF5BA~1\Office12\GR469A~1.DLL
0x68ef0000 - 0x68fe1000 	C:\PROGRA~1\MIF5BA~1\Office12\GrooveUtil.DLL
0x76d80000 - 0x76e74000 	C:\Windows\system32\WININET.dll
0x76980000 - 0x76983000 	C:\Windows\system32\Normaliz.dll
0x76bd0000 - 0x76d05000 	C:\Windows\system32\urlmon.dll
0x756b0000 - 0x757cc000 	C:\Windows\system32\CRYPT32.dll
0x756a0000 - 0x756ac000 	C:\Windows\system32\MSASN1.dll
0x77180000 - 0x77379000 	C:\Windows\system32\iertutil.dll
0x6ece0000 - 0x6ed7b000 	C:\Windows\WinSxS\x86_microsoft.vc80.crt_1fc8b3b9a1e18e3b_8.0.50727.6195_none_d09154e044272b9a\MSVCR80.dll
0x68ff0000 - 0x68ff7000 	C:\PROGRA~1\MIF5BA~1\Office12\GrooveNew.DLL
0x6f710000 - 0x6f72b000 	C:\Windows\WinSxS\x86_microsoft.vc80.atl_1fc8b3b9a1e18e3b_8.0.50727.6195_none_d1cb102c435421de\ATL80.DLL
0x750b0000 - 0x750c6000 	C:\Windows\system32\CRYPTSP.dll
0x74e50000 - 0x74e8b000 	C:\Windows\system32\rsaenh.dll
0x72bb0000 - 0x72bb5000 	C:\Windows\system32\MSImg32.dll
0x6f6a0000 - 0x6f70a000 	C:\Windows\System32\cscui.dll
0x6f690000 - 0x6f699000 	C:\Windows\System32\CSCDLL.dll
0x6f680000 - 0x6f68b000 	C:\Windows\system32\CSCAPI.dll
0x6f610000 - 0x6f67f000 	C:\Windows\system32\ntshrui.dll
0x75480000 - 0x75499000 	C:\Windows\system32\srvcli.dll
0x72d20000 - 0x72d2a000 	C:\Windows\system32\slc.dll
0x723a0000 - 0x723c4000 	C:\Program Files\Java\jdk1.8.0\jre\bin\dcpr.dll
0x5b390000 - 0x5b47b000 	C:\Windows\system32\dbghelp.dll

VM Arguments:
jvm_args: -Dfile.encoding=UTF-8 
java_command: Skoda.Skoda_page
java_class_path (initial): C:\Program Files\NetBeans 8.0\java\modules\ext\AbsoluteLayout.jar;C:\Users\krenarujkaj\Documents\NetBeansProjects\Skoda\src\Skoda\rs2xml.jar;C:\Users\krenarujkaj\Documents\NetBeansProjects\Skoda\src\Skoda\sqlite-jdbc-3.7.2.jar;C:\Users\krenarujkaj\Documents\NetBeansProjects\Skoda\build\classes
Launcher Type: SUN_STANDARD

Environment Variables:
PATH=C:\Program Files\NVIDIA Corporation\PhysX\Common;C:\Windows\system32;C:\Windows;C:\Windows\System32\Wbem;C:\Windows\System32\WindowsPowerShell\v1.0\;c:\Program Files\Microsoft SQL Server\100\Tools\Binn\;c:\Program Files\Microsoft SQL Server\100\DTS\Binn\;C:\Program Files\Microsoft SQL Server\100\Tools\Binn\VSShell\Common7\IDE\;C:\Program Files\Microsoft Visual Studio 9.0\Common7\IDE\PrivateAssemblies\;C:\Program Files\Common Files\Ahead\Lib\
USERNAME=krenarujkaj
OS=Windows_NT
PROCESSOR_IDENTIFIER=x86 Family 15 Model 127 Stepping 2, AuthenticAMD



---------------  S Y S T E M  ---------------

OS: Windows 7 Build 7600 

CPU:total 1 (1 cores per cpu, 1 threads per core) family 15 model 127 stepping 2, cmov, cx8, fxsr, mmx, sse, sse2, sse3, mmxext, 3dnowpref, tsc

Memory: 4k page, physical 2096440k(685620k free), swap 4192880k(2143440k free)

vm_info: Java HotSpot(TM) Client VM (25.0-b70) for windows-x86 JRE (1.8.0-b132), built on Mar  4 2014 03:51:15 by "java_re" with MS VC++ 10.0 (VS2010)

time: Tue Jul 15 13:21:09 2014
elapsed time: 10 seconds

